2025-01-12 14:59:07.721 [info] Reading sessions from keychain...
2025-01-12 14:59:07.721 [info] Getting sessions for all scopes...
2025-01-12 14:59:07.721 [info] Getting sessions for all scopes...
2025-01-12 14:59:07.721 [info] Getting sessions for all scopes...
2025-01-12 14:59:07.721 [info] Got 0 sessions for ...
2025-01-12 14:59:07.721 [info] Got 0 sessions for ...
2025-01-12 14:59:07.721 [info] Got 0 sessions for ...
2025-01-12 14:59:07.737 [info] Getting sessions for all scopes...
2025-01-12 14:59:07.737 [info] Got 0 sessions for ...
2025-01-12 14:59:07.737 [info] Getting sessions for all scopes...
2025-01-12 14:59:07.737 [info] Got 0 sessions for ...
2025-01-12 14:59:07.737 [info] Getting sessions for all scopes...
2025-01-12 14:59:07.737 [info] Got 0 sessions for ...
2025-01-12 14:59:07.738 [info] Getting sessions for all scopes...
2025-01-12 14:59:07.738 [info] Got 0 sessions for ...
2025-01-12 14:59:07.738 [info] Getting sessions for all scopes...
2025-01-12 14:59:07.738 [info] Got 0 sessions for ...
2025-01-12 14:59:08.407 [info] Getting sessions for read:user,repo,user:email,workflow...
2025-01-12 14:59:08.407 [info] Got 0 sessions for read:user,repo,user:email,workflow...
2025-01-12 14:59:09.191 [info] Getting sessions for all scopes...
2025-01-12 14:59:09.191 [info] Got 0 sessions for ...
2025-01-12 15:29:57.942 [info] Getting sessions for read:user,repo,user:email,workflow...
2025-01-12 15:29:57.942 [info] Got 0 sessions for read:user,repo,user:email,workflow...
2025-01-12 15:30:00.634 [info] Logging in with 'any' account...
2025-01-12 15:30:00.634 [info] Logging in for the following scopes: read:user repo user:email workflow
2025-01-12 15:30:00.775 [info] Trying without local server... (read:user repo user:email workflow)
2025-01-12 15:31:00.090 [error] User Cancelled
2025-01-12 15:31:02.234 [info] Trying with local server... (read:user repo user:email workflow)
2025-01-12 15:31:12.511 [error] User Cancelled
2025-01-12 15:31:34.581 [info] Getting sessions for read:user,repo,user:email,workflow...
2025-01-12 15:31:34.581 [info] Got 0 sessions for read:user,repo,user:email,workflow...
2025-01-12 15:31:38.129 [info] Logging in with 'any' account...
2025-01-12 15:31:38.129 [info] Logging in for the following scopes: read:user repo user:email workflow
2025-01-12 15:31:38.144 [info] Trying without local server... (read:user repo user:email workflow)
2025-01-12 15:32:40.560 [error] User Cancelled
2025-01-12 15:32:42.216 [info] Trying with local server... (read:user repo user:email workflow)
